nov 27, 2025 4:43:59 PM episodios.Episodio1 episodio1
INFORMACIÓN: Mostrando menú para personaje: Tester
nov 27, 2025 4:44:09 PM episodios.Episodio1 episodio1
INFORMACIÓN: Opción elegida: 1
nov 27, 2025 4:44:09 PM episodios.Episodio1 episodio1
INFORMACIÓN: Has obtenido una Hoja de Ortiga. Personaje: Tester
nov 27, 2025 4:44:09 PM episodios.Episodio1 episodio1
INFORMACIÓN: Mostrando menú para personaje: Tester
nov 27, 2025 4:44:14 PM episodios.Episodio1 episodio1
INFORMACIÓN: Opción elegida: 1
nov 27, 2025 4:44:14 PM episodios.Episodio1 episodio1
INFORMACIÓN: Has obtenido una Hoja de Ortiga. Personaje: Tester
nov 27, 2025 4:44:14 PM episodios.Episodio1 episodio1
INFORMACIÓN: Mostrando menú para personaje: Tester
nov 27, 2025 4:44:19 PM episodios.Episodio1 episodio1
INFORMACIÓN: Opción elegida: 3
nov 27, 2025 4:44:19 PM episodios.Episodio1 episodio1
INFORMACIÓN: Opción 3 ejecutada. Hay tormenta y te cae un rayos vuelves a la cueva, hueles a pelo quemado.1 Personaje: Tester
nov 27, 2025 4:44:19 PM episodios.Episodio1 episodio1
INFORMACIÓN: Mostrando menú para personaje: Tester
nov 27, 2025 4:44:33 PM episodios.Episodio1 episodio1
INFORMACIÓN: Opción elegida: 4
nov 27, 2025 4:44:33 PM episodios.Episodio1 episodio1
INFORMACIÓN: Has dormido y recuperado toda la vida. Personaje: Tester
nov 27, 2025 4:44:33 PM episodios.Episodio1 episodio1
INFORMACIÓN: Mostrando menú para personaje: Tester
nov 27, 2025 4:44:38 PM episodios.Episodio1 episodio1
INFORMACIÓN: Opción elegida: 2
nov 27, 2025 4:44:38 PM episodios.Episodio1 episodio1
INFORMACIÓN: Has aprendido a invocar criaturas. Personaje: Tester
nov 27, 2025 4:44:38 PM episodios.Episodio1 episodio1
INFORMACIÓN: Has cumplido todas las condiciones. Saliendo del episodio... Personaje: Tester
nov 28, 2025 7:15:33 PM episodios.Episodio1 episodio1
INFORMACIÓN: Mostrando menú para personaje: Tester
nov 28, 2025 7:18:31 PM episodios.Episodio1 episodio1
INFORMACIÓN: Mostrando menú para personaje: Tester
nov 28, 2025 7:18:38 PM episodios.Episodio1 episodio1
INFORMACIÓN: Opción elegida: 1
nov 28, 2025 7:18:38 PM episodios.Episodio1 episodio1
INFORMACIÓN: Has obtenido una Hoja de Ortiga. Personaje: Tester
nov 28, 2025 7:18:38 PM episodios.Episodio1 episodio1
INFORMACIÓN: Mostrando menú para personaje: Tester
nov 28, 2025 7:18:41 PM episodios.Episodio1 episodio1
INFORMACIÓN: Opción elegida: 1
nov 28, 2025 7:18:41 PM episodios.Episodio1 episodio1
INFORMACIÓN: Has obtenido una Hoja de Ortiga. Personaje: Tester
nov 28, 2025 7:18:41 PM episodios.Episodio1 episodio1
INFORMACIÓN: Mostrando menú para personaje: Tester
nov 28, 2025 7:18:50 PM episodios.Episodio1 episodio1
INFORMACIÓN: Opción elegida: 2
nov 28, 2025 7:18:50 PM episodios.Episodio1 episodio1
INFORMACIÓN: Has aprendido a invocar criaturas. Personaje: Tester
nov 28, 2025 7:18:50 PM episodios.Episodio1 episodio1
INFORMACIÓN: Mostrando menú para personaje: Tester
nov 28, 2025 7:19:10 PM episodios.Episodio1 episodio1
INFORMACIÓN: Opción elegida: 2
nov 28, 2025 7:19:10 PM episodios.Episodio1 episodio1
INFORMACIÓN: Has aprendido a invocar criaturas. Personaje: Tester
nov 28, 2025 7:19:10 PM episodios.Episodio1 episodio1
INFORMACIÓN: Mostrando menú para personaje: Tester
nov 28, 2025 7:19:12 PM episodios.Episodio1 episodio1
INFORMACIÓN: Opción elegida: 2
nov 28, 2025 7:19:12 PM episodios.Episodio1 episodio1
INFORMACIÓN: Has aprendido a invocar criaturas. Personaje: Tester
nov 28, 2025 7:19:12 PM episodios.Episodio1 episodio1
INFORMACIÓN: Mostrando menú para personaje: Tester
nov 28, 2025 7:30:34 PM episodios.Episodio1 episodio1
INFORMACIÓN: Mostrando menú para personaje: Tester
nov 28, 2025 7:30:39 PM episodios.Episodio1 episodio1
INFORMACIÓN: Opción elegida: 1
nov 28, 2025 7:30:39 PM episodios.Episodio1 episodio1
INFORMACIÓN: Has obtenido una Hoja de Ortiga. Personaje: Tester
nov 28, 2025 7:30:39 PM episodios.Episodio1 episodio1
INFORMACIÓN: Mostrando menú para personaje: Tester
nov 28, 2025 7:30:52 PM episodios.Episodio1 episodio1
INFORMACIÓN: Opción elegida: 2
nov 28, 2025 7:30:52 PM episodios.Episodio1 episodio1
INFORMACIÓN: Has aprendido a invocar criaturas. Personaje: Tester
nov 28, 2025 7:30:52 PM episodios.Episodio1 episodio1
INFORMACIÓN: Mostrando menú para personaje: Tester
nov 28, 2025 7:40:05 PM episodios.Episodio1 episodio1
INFORMACIÓN: Mostrando menú para personaje: Tester
nov 28, 2025 7:40:09 PM episodios.Episodio1 episodio1
INFORMACIÓN: Opción elegida: 2
nov 28, 2025 7:40:09 PM episodios.Episodio1 episodio1
INFORMACIÓN: Has aprendido a invocar criaturas. Personaje: Tester
nov 28, 2025 7:40:09 PM episodios.Episodio1 episodio1
INFORMACIÓN: Mostrando menú para personaje: Tester
